<?xml version="1.0" encoding="UTF-8"?>
<!-- Generated by org.testng.reporters.JUnitReportReporter -->
<testsuite hostname="LAPTOP-35IRNS3Q" failures="0" tests="21" name="runners.TestRunner" time="295.041" errors="0" timestamp="2025-08-30T23:18:32 IST" skipped="0">
  <testcase classname="runners.TestRunner" name="runScenario" time="5.476"/>
  <testcase classname="runners.TestRunner" name="runScenario" time="9.111"/>
  <testcase classname="runners.TestRunner" name="runScenario" time="9.226"/>
  <testcase classname="runners.TestRunner" name="runScenario" time="6.365"/>
  <testcase classname="runners.TestRunner" name="runScenario" time="9.606"/>
  <testcase classname="runners.TestRunner" name="runScenario" time="8.514"/>
  <testcase classname="runners.TestRunner" name="runScenario" time="20.134"/>
  <testcase classname="runners.TestRunner" name="runScenario" time="9.606"/>
  <testcase classname="runners.TestRunner" name="runScenario" time="42.699"/>
  <testcase classname="runners.TestRunner" name="runScenario" time="9.130"/>
  <testcase classname="runners.TestRunner" name="runScenario" time="9.263"/>
  <testcase classname="runners.TestRunner" name="runScenario" time="9.372"/>
  <testcase classname="runners.TestRunner" name="runScenario" time="43.357"/>
  <testcase classname="runners.TestRunner" name="runScenario" time="8.921"/>
  <testcase classname="runners.TestRunner" name="runScenario" time="9.316"/>
  <testcase classname="runners.TestRunner" name="runScenario" time="7.240"/>
  <testcase classname="runners.TestRunner" name="runScenario" time="10.539"/>
  <testcase classname="runners.TestRunner" name="runScenario" time="7.106"/>
  <testcase classname="runners.TestRunner" name="runScenario" time="10.483"/>
  <testcase classname="runners.TestRunner" name="runScenario" time="7.087"/>
  <testcase classname="runners.TestRunner" name="runScenario" time="42.490"/>
</testsuite> <!-- runners.TestRunner -->
